2020-07-23 10:19:00 INFO  DemoApplication:19 - Nhap ten tai khoan: 
2020-07-23 10:19:09 INFO  DemoApplication:38 - trantrung
2020-07-23 10:19:09 INFO  DemoApplication:19 - Nhap ma pin: 
2020-07-23 10:19:13 INFO  DemoApplication:41 - 123
2020-07-23 10:19:13 INFO  DemoApplication:19 - Nhap so tien cua ban: 
2020-07-23 10:19:17 INFO  DemoApplication:44 - 50000000
2020-07-23 10:22:23 INFO  DemoApplication:19 - Nhap ten tai khoan: 
2020-07-23 10:22:33 INFO  DemoApplication:38 - nguyenthang
2020-07-23 10:22:33 INFO  DemoApplication:19 - Nhap ma pin: 
2020-07-23 10:22:36 INFO  DemoApplication:41 - 123
2020-07-23 10:22:36 INFO  DemoApplication:19 - Nhap so tien cua ban: 
2020-07-23 10:22:39 INFO  DemoApplication:44 - 100000000
2020-07-23 10:48:16 INFO  DemoApplication:19 - Nhap ten tai khoan: 
2020-07-23 10:48:28 INFO  DemoApplication:48 - trandinhtrung
2020-07-23 10:48:28 INFO  DemoApplication:19 - Nhap ma pin: 
2020-07-23 10:48:30 INFO  DemoApplication:51 - 111
2020-07-23 10:48:30 INFO  DemoApplication:19 - Nhap so tien cua ban: 
2020-07-23 10:48:37 INFO  DemoApplication:54 - 5000000
2020-07-23 10:48:48 INFO  DemoApplication:13 - CustomerId: trandinhtrung, balance: 5000000
2020-07-23 10:49:06 INFO  DemoApplication:19 - Nhap so tien muon gui:
2020-07-23 10:49:31 INFO  DemoApplication:13 - CustomerId: trandinhtrung, balance: 6000000
2020-07-23 10:51:33 INFO  DemoApplication:19 - Nhap ten tai khoan: 
2020-07-23 10:51:38 INFO  DemoApplication:48 - trantrung
2020-07-23 10:51:38 INFO  DemoApplication:19 - Nhap ma pin: 
2020-07-23 10:51:42 INFO  DemoApplication:51 - 123
2020-07-23 10:51:42 INFO  DemoApplication:19 - Nhap so tien cua ban: 
2020-07-23 10:51:48 INFO  DemoApplication:54 - 5000000
2020-07-23 10:51:51 INFO  DemoApplication:13 - CustomerId: trantrung, balance: 5000000
2020-07-23 10:51:59 INFO  DemoApplication:19 - Nhap ro tien muon rut:
2020-07-23 10:52:06 INFO  DemoApplication:19 - Ban da rut tien thanh cong!!!
2020-07-23 10:52:11 INFO  DemoApplication:13 - CustomerId: trantrung, balance: 3000000
2020-07-23 11:02:56 INFO  DemoApplication:19 - Nhap ten tai khoan: 
2020-07-23 11:03:29 INFO  DemoApplication:19 - Nhap ten tai khoan: 
2020-07-23 11:03:34 INFO  DemoApplication:48 - trantrung
2020-07-23 11:03:34 INFO  DemoApplication:19 - Nhap ma pin: 
2020-07-23 11:03:37 INFO  DemoApplication:51 - 123
2020-07-23 11:03:37 INFO  DemoApplication:19 - Nhap so tien cua ban: 
2020-07-23 11:03:44 INFO  DemoApplication:54 - 2000000
2020-07-23 11:03:48 INFO  DemoApplication:13 - CustomerId: trantrung, balance: 2000000
2020-07-23 11:03:54 INFO  DemoApplication:19 - Nhap so tien muon gui:
2020-07-23 11:04:02 INFO  DemoApplication:19 - Ban da gui tien thanh cong!!!
2020-07-23 11:04:05 INFO  DemoApplication:13 - CustomerId: trantrung, balance: 2500000
